<?xml version="1.0" encoding="UTF-8"?>
<!-- Generated by org.testng.reporters.JUnitReportReporter -->
<testsuite hostname="LAPTOP-N3N33JA0" failures="0" tests="2" name="com.alekanda.TestRanner.TestRunner_AL" time="27.673" errors="0" timestamp="2021-07-27T11:54:57 PDT" skipped="0">
  <testcase classname="com.alekanda.TestRanner.TestRunner_AL" name="feature" time="21.568"/>
  <system-out/>
  <testcase classname="com.alekanda.TestRanner.TestRunner_AL" name="feature" time="6.105"/>
  <system-out/>
</testsuite> <!-- com.alekanda.TestRanner.TestRunner_AL -->
